2017-02-26 00:21:44 - processChanged of sAMAccountName: TonyL
2017-02-26 00:21:45 - Updated AD User: org.sch.issecurity.iam.tools.ADSync.entity.ADUserEntity@8d92ceaa
2017-02-26 00:21:46 - Updated AD User CL: org.sch.issecurity.iam.tools.ADSync.entity.ADUserCLEntity@b360501d
2017-02-26 00:21:46 - processChanged of sAMAccountName: YoSo
2017-02-26 00:21:46 - Updated AD User: org.sch.issecurity.iam.tools.ADSync.entity.ADUserEntity@d09ef42f
2017-02-26 00:21:47 - Updated AD User CL: org.sch.issecurity.iam.tools.ADSync.entity.ADUserCLEntity@ec2974ef
2017-02-26 22:19:03 - processNew of sAMAccountName: TTesttony
2017-02-26 22:26:32 - processNew of sAMAccountName: TTesttony
2017-02-26 22:42:15 - processNew of sAMAccountName: TTesttony
2017-02-26 22:42:16 - New AD User: org.sch.issecurity.iam.tools.ADSync.entity.ADUserEntity@110bcf31
2017-02-26 22:42:16 - New AD User CL: org.sch.issecurity.iam.tools.ADSync.entity.ADUserCLEntity@e2a02fe8
2017-02-26 22:42:16 - processNew of sAMAccountName: TTesttim
2017-02-26 22:42:16 - New AD User: org.sch.issecurity.iam.tools.ADSync.entity.ADUserEntity@bb70226c
2017-02-26 22:42:17 - New AD User CL: org.sch.issecurity.iam.tools.ADSync.entity.ADUserCLEntity@ec1563b3
2017-02-26 22:42:17 - processNew of sAMAccountName: TTestKiran
2017-02-26 22:42:17 - New AD User: org.sch.issecurity.iam.tools.ADSync.entity.ADUserEntity@b4a57e05
2017-02-26 22:42:17 - New AD User CL: org.sch.issecurity.iam.tools.ADSync.entity.ADUserCLEntity@d43aff46
2017-02-26 22:42:17 - processNew of sAMAccountName: TtSync
2017-02-26 22:42:18 - New AD User: org.sch.issecurity.iam.tools.ADSync.entity.ADUserEntity@84918450
2017-02-26 22:42:18 - New AD User CL: org.sch.issecurity.iam.tools.ADSync.entity.ADUserCLEntity@c0176356
2017-02-26 22:42:18 - processNew of sAMAccountName: test6
2017-02-26 22:42:19 - New AD User: org.sch.issecurity.iam.tools.ADSync.entity.ADUserEntity@2e02e35a
2017-02-26 22:42:19 - New AD User CL: org.sch.issecurity.iam.tools.ADSync.entity.ADUserCLEntity@3985e83e
2017-02-26 22:46:13 - processChanged of sAMAccountName: TtSync
2017-02-26 22:46:13 - Updated AD User: org.sch.issecurity.iam.tools.ADSync.entity.ADUserEntity@c18d7941
2017-02-26 22:46:14 - Updated AD User CL: org.sch.issecurity.iam.tools.ADSync.entity.ADUserCLEntity@984cdd94
